<?xml version="1.0" encoding="UTF-8"?>
<!-- Generated by org.testng.reporters.JUnitReportReporter -->
<testsuite hostname="DESKTOP-29TT225" failures="0" tests="1" name="Runner.TestngRunner$Runnerclass" time="98.060" errors="0" timestamp="2023-08-20T21:08:11 IST" skipped="0">
  <testcase classname="Runner.TestngRunner$Runnerclass" name="runScenario" time="98.060"/>
</testsuite> <!-- Runner.TestngRunner$Runnerclass -->
